Start testing: Apr 01 21:47 EEST
----------------------------------------------------------
1/1 Testing: LinkedListTest.RemoveSingleOccurrence
1/1 Test: LinkedListTest.RemoveSingleOccurrence
Command: "/Users/yura_kulakovskyi/Documents/C++/TeamWork/PR3/PR3_2/PR3_2_rec/cmake-build-debug/PR3_2_rec_tests" "--gtest_filter=LinkedListTest.RemoveSingleOccurrence" "--gtest_also_run_disabled_tests"
Directory: /Users/yura_kulakovskyi/Documents/C++/TeamWork/PR3/PR3_2/PR3_2_rec/cmake-build-debug
"LinkedListTest.RemoveSingleOccurrence" start time: Apr 01 21:47 EEST
Output:
----------------------------------------------------------
Running main() from /Users/yura_kulakovskyi/Documents/C++/TeamWork/PR3/PR3_2/PR3_2_rec/lib/googletest/googletest/src/gtest_main.cc
Note: Google Test filter = LinkedListTest.RemoveSingleOccurrence
[==========] Running 1 test from 1 test suite.
[----------] Global test environment set-up.
[----------] 1 test from LinkedListTest
[ RUN      ] LinkedListTest.RemoveSingleOccurrence
Результат після видалення 3: 1 2 4 
[       OK ] LinkedListTest.RemoveSingleOccurrence (0 ms)
[----------] 1 test from LinkedListTest (0 ms total)

[----------] Global test environment tear-down
[==========] 1 test from 1 test suite ran. (0 ms total)
[  PASSED  ] 1 test.
<end of output>
Test time =   0.00 sec
----------------------------------------------------------
Test Passed.
"LinkedListTest.RemoveSingleOccurrence" end time: Apr 01 21:47 EEST
"LinkedListTest.RemoveSingleOccurrence" time elapsed: 00:00:00
----------------------------------------------------------

End testing: Apr 01 21:47 EEST
